{"C:\\Users\\Lenovo\\Dev\\stellar-burgers\\src\\services\\constructor\\constructor.slice.ts": {"path":"C:\\Users\\Lenovo\\Dev\\stellar-burgers\\src\\services\\constructor\\constructor.slice.ts","statementMap":{"0":{"start":{"line":1,"column":0},"end":{"line":1,"column":86}},"1":{"start":{"line":15,"column":39},"end":{"line":20,"column":2}},"2":{"start":{"line":22,"column":25},"end":{"line":63,"column":2}},"3":{"start":{"line":28,"column":8},"end":{"line":28,"column":47}},"4":{"start":{"line":31,"column":8},"end":{"line":31,"column":62}},"5":{"start":{"line":36,"column":6},"end":{"line":36,"column":33}},"6":{"start":{"line":40,"column":6},"end":{"line":40,"column":85}},"7":{"start":{"line":40,"column":58},"end":{"line":40,"column":83}},"8":{"start":{"line":44,"column":6},"end":{"line":44,"column":23}},"9":{"start":{"line":45,"column":6},"end":{"line":45,"column":29}},"10":{"start":{"line":49,"column":6},"end":{"line":49,"column":32}},"11":{"start":{"line":50,"column":6},"end":{"line":50,"column":31}},"12":{"start":{"line":54,"column":6},"end":{"line":54,"column":33}},"13":{"start":{"line":55,"column":6},"end":{"line":55,"column":41}},"14":{"start":{"line":59,"column":6},"end":{"line":59,"column":33}},"15":{"start":{"line":60,"column":6},"end":{"line":60,"column":31}},"16":{"start":{"line":65,"column":13},"end":{"line":72,"column":null}},"17":{"start":{"line":75,"column":26},"end":{"line":66,"column":null}},"18":{"start":{"line":76,"column":0},"end":{"line":76,"column":40}},"19":{"start":{"line":78,"column":31},"end":{"line":78,"column":70}},"20":{"start":{"line":78,"column":53},"end":{"line":78,"column":70}},"21":{"start":{"line":80,"column":13},"end":{"line":83,"column":2}},"22":{"start":{"line":82,"column":33},"end":{"line":82,"column":null}},"23":{"start":{"line":85,"column":13},"end":{"line":88,"column":2}},"24":{"start":{"line":87,"column":33},"end":{"line":87,"column":null}},"25":{"start":{"line":90,"column":13},"end":{"line":97,"column":2}},"26":{"start":{"line":93,"column":17},"end":{"line":93,"column":40}},"27":{"start":{"line":94,"column":17},"end":{"line":94,"column":61}},"28":{"start":{"line":94,"column":43},"end":{"line":94,"column":57}},"29":{"start":{"line":95,"column":4},"end":{"line":95,"column":23}},"30":{"start":{"line":99,"column":13},"end":{"line":116,"column":2}},"31":{"start":{"line":102,"column":40},"end":{"line":102,"column":42}},"32":{"start":{"line":104,"column":4},"end":{"line":106,"column":5}},"33":{"start":{"line":105,"column":6},"end":{"line":105,"column":23}},"34":{"start":{"line":108,"column":4},"end":{"line":112,"column":5}},"35":{"start":{"line":109,"column":6},"end":{"line":111,"column":7}},"36":{"start":{"line":110,"column":8},"end":{"line":110,"column":45}},"37":{"start":{"line":114,"column":4},"end":{"line":114,"column":15}}},"fnMap":{"0":{"name":"(anonymous_0)","decl":{"start":{"line":27,"column":6},"end":{"line":27,"column":13}},"loc":{"start":{"line":27,"column":60},"end":{"line":29,"column":7}}},"1":{"name":"(anonymous_1)","decl":{"start":{"line":30,"column":6},"end":{"line":30,"column":13}},"loc":{"start":{"line":30,"column":37},"end":{"line":32,"column":7}}},"2":{"name":"(anonymous_2)","decl":{"start":{"line":35,"column":4},"end":{"line":35,"column":10}},"loc":{"start":{"line":35,"column":59},"end":{"line":37,"column":5}}},"3":{"name":"(anonymous_3)","decl":{"start":{"line":39,"column":4},"end":{"line":39,"column":14}},"loc":{"start":{"line":39,"column":51},"end":{"line":41,"column":5}}},"4":{"name":"(anonymous_4)","decl":{"start":{"line":40,"column":51},"end":{"line":40,"column":52}},"loc":{"start":{"line":40,"column":58},"end":{"line":40,"column":83}}},"5":{"name":"(anonymous_5)","decl":{"start":{"line":43,"column":4},"end":{"line":43,"column":20}},"loc":{"start":{"line":43,"column":26},"end":{"line":46,"column":5}}},"6":{"name":"(anonymous_6)","decl":{"start":{"line":48,"column":4},"end":{"line":48,"column":14}},"loc":{"start":{"line":48,"column":20},"end":{"line":51,"column":5}}},"7":{"name":"(anonymous_7)","decl":{"start":{"line":53,"column":4},"end":{"line":53,"column":15}},"loc":{"start":{"line":53,"column":52},"end":{"line":56,"column":5}}},"8":{"name":"(anonymous_8)","decl":{"start":{"line":58,"column":4},"end":{"line":58,"column":14}},"loc":{"start":{"line":58,"column":20},"end":{"line":61,"column":5}}},"9":{"name":"(anonymous_9)","decl":{"start":{"line":78,"column":31},"end":{"line":78,"column":32}},"loc":{"start":{"line":78,"column":53},"end":{"line":78,"column":70}}},"10":{"name":"(anonymous_10)","decl":{"start":{"line":82,"column":2},"end":{"line":82,"column":3}},"loc":{"start":{"line":82,"column":32},"end":{"line":82,"column":null}}},"11":{"name":"(anonymous_11)","decl":{"start":{"line":87,"column":2},"end":{"line":87,"column":3}},"loc":{"start":{"line":87,"column":32},"end":{"line":87,"column":null}}},"12":{"name":"(anonymous_12)","decl":{"start":{"line":92,"column":2},"end":{"line":92,"column":3}},"loc":{"start":{"line":92,"column":17},"end":{"line":96,"column":3}}},"13":{"name":"(anonymous_13)","decl":{"start":{"line":94,"column":30},"end":{"line":94,"column":31}},"loc":{"start":{"line":94,"column":43},"end":{"line":94,"column":57}}},"14":{"name":"(anonymous_14)","decl":{"start":{"line":101,"column":2},"end":{"line":101,"column":3}},"loc":{"start":{"line":101,"column":41},"end":{"line":115,"column":3}}}},"branchMap":{"0":{"loc":{"start":{"line":82,"column":33},"end":{"line":82,"column":51}},"type":"cond-expr","locations":[{"start":{"line":82,"column":43},"end":{"line":82,"column":47}},{"start":{"line":82,"column":47},"end":{"line":82,"column":51}}]},"1":{"loc":{"start":{"line":82,"column":33},"end":{"line":82,"column":47}},"type":"binary-expr","locations":[{"start":{"line":82,"column":33},"end":{"line":82,"column":47}},{"start":{"line":82,"column":43},"end":{"line":82,"column":47}}]},"2":{"loc":{"start":{"line":82,"column":33},"end":{"line":82,"column":43}},"type":"cond-expr","locations":[{"start":{"line":82,"column":38},"end":{"line":82,"column":40}},{"start":{"line":82,"column":33},"end":{"line":82,"column":43}}]},"3":{"loc":{"start":{"line":82,"column":33},"end":{"line":82,"column":40}},"type":"binary-expr","locations":[{"start":{"line":82,"column":33},"end":{"line":82,"column":40}},{"start":{"line":82,"column":33},"end":{"line":82,"column":40}}]},"4":{"loc":{"start":{"line":87,"column":33},"end":{"line":87,"column":57}},"type":"cond-expr","locations":[{"start":{"line":87,"column":51},"end":{"line":87,"column":55}},{"start":{"line":87,"column":55},"end":{"line":87,"column":57}}]},"5":{"loc":{"start":{"line":87,"column":33},"end":{"line":87,"column":55}},"type":"binary-expr","locations":[{"start":{"line":87,"column":33},"end":{"line":87,"column":55}},{"start":{"line":87,"column":51},"end":{"line":87,"column":55}}]},"6":{"loc":{"start":{"line":87,"column":33},"end":{"line":87,"column":51}},"type":"cond-expr","locations":[{"start":{"line":87,"column":38},"end":{"line":87,"column":40}},{"start":{"line":87,"column":33},"end":{"line":87,"column":51}}]},"7":{"loc":{"start":{"line":87,"column":33},"end":{"line":87,"column":40}},"type":"binary-expr","locations":[{"start":{"line":87,"column":33},"end":{"line":87,"column":40}},{"start":{"line":87,"column":33},"end":{"line":87,"column":40}}]},"8":{"loc":{"start":{"line":93,"column":17},"end":{"line":93,"column":40}},"type":"cond-expr","locations":[{"start":{"line":93,"column":23},"end":{"line":93,"column":36}},{"start":{"line":93,"column":39},"end":{"line":93,"column":40}}]},"9":{"loc":{"start":{"line":104,"column":4},"end":{"line":106,"column":5}},"type":"if","locations":[{"start":{"line":104,"column":4},"end":{"line":106,"column":5}}]},"10":{"loc":{"start":{"line":104,"column":8},"end":{"line":104,"column":22}},"type":"binary-expr","locations":[{"start":{"line":104,"column":8},"end":{"line":104,"column":11}},{"start":{"line":104,"column":15},"end":{"line":104,"column":22}}]},"11":{"loc":{"start":{"line":109,"column":6},"end":{"line":111,"column":7}},"type":"if","locations":[{"start":{"line":109,"column":6},"end":{"line":111,"column":7}}]},"12":{"loc":{"start":{"line":110,"column":23},"end":{"line":110,"column":39}},"type":"binary-expr","locations":[{"start":{"line":110,"column":23},"end":{"line":110,"column":34}},{"start":{"line":110,"column":38},"end":{"line":110,"column":39}}]}},"s":{"0":1,"1":1,"2":1,"3":4,"4":4,"5":1,"6":1,"7":2,"8":0,"9":0,"10":0,"11":0,"12":0,"13":0,"14":0,"15":0,"16":1,"17":1,"18":1,"19":1,"20":0,"21":1,"22":0,"23":1,"24":0,"25":1,"26":0,"27":0,"28":0,"29":0,"30":1,"31":0,"32":0,"33":0,"34":0,"35":0,"36":0,"37":0},"f":{"0":4,"1":4,"2":1,"3":1,"4":2,"5":0,"6":0,"7":0,"8":0,"9":0,"10":0,"11":0,"12":0,"13":0,"14":0},"b":{"0":[0,0],"1":[0,0],"2":[0,0],"3":[0,0],"4":[0,0],"5":[0,0],"6":[0,0],"7":[0,0],"8":[0,0],"9":[0],"10":[0,0],"11":[0],"12":[0,0]}}
,"C:\\Users\\Lenovo\\Dev\\stellar-burgers\\src\\services\\ingredients\\ingredients.slice.ts": {"path":"C:\\Users\\Lenovo\\Dev\\stellar-burgers\\src\\services\\ingredients\\ingredients.slice.ts","statementMap":{"0":{"start":{"line":1,"column":0},"end":{"line":1,"column":65}},"1":{"start":{"line":4,"column":0},"end":{"line":4,"column":59}},"2":{"start":{"line":12,"column":39},"end":{"line":16,"column":2}},"3":{"start":{"line":18,"column":13},"end":{"line":21,"column":2}},"4":{"start":{"line":20,"column":14},"end":{"line":20,"column":39}},"5":{"start":{"line":23,"column":25},"end":{"line":41,"column":2}},"6":{"start":{"line":28,"column":4},"end":{"line":31,"column":7}},"7":{"start":{"line":29,"column":6},"end":{"line":29,"column":23}},"8":{"start":{"line":30,"column":6},"end":{"line":30,"column":21}},"9":{"start":{"line":32,"column":4},"end":{"line":35,"column":7}},"10":{"start":{"line":33,"column":6},"end":{"line":33,"column":24}},"11":{"start":{"line":34,"column":6},"end":{"line":34,"column":26}},"12":{"start":{"line":36,"column":4},"end":{"line":39,"column":7}},"13":{"start":{"line":37,"column":6},"end":{"line":37,"column":24}},"14":{"start":{"line":38,"column":6},"end":{"line":38,"column":77}},"15":{"start":{"line":43,"column":0},"end":{"line":43,"column":40}},"16":{"start":{"line":45,"column":33},"end":{"line":45,"column":70}},"17":{"start":{"line":45,"column":51},"end":{"line":45,"column":70}},"18":{"start":{"line":45,"column":13},"end":{"line":45,"column":33}},"19":{"start":{"line":46,"column":40},"end":{"line":46,"column":79}},"20":{"start":{"line":46,"column":58},"end":{"line":46,"column":79}},"21":{"start":{"line":46,"column":13},"end":{"line":46,"column":40}},"22":{"start":{"line":47,"column":38},"end":{"line":47,"column":75}},"23":{"start":{"line":47,"column":56},"end":{"line":47,"column":75}},"24":{"start":{"line":47,"column":13},"end":{"line":47,"column":38}}},"fnMap":{"0":{"name":"(anonymous_0)","decl":{"start":{"line":20,"column":2},"end":{"line":20,"column":7}},"loc":{"start":{"line":20,"column":14},"end":{"line":20,"column":39}}},"1":{"name":"(anonymous_1)","decl":{"start":{"line":27,"column":17},"end":{"line":27,"column":18}},"loc":{"start":{"line":27,"column":23},"end":{"line":40,"column":3}}},"2":{"name":"(anonymous_2)","decl":{"start":{"line":28,"column":40},"end":{"line":28,"column":41}},"loc":{"start":{"line":28,"column":46},"end":{"line":31,"column":5}}},"3":{"name":"(anonymous_3)","decl":{"start":{"line":32,"column":42},"end":{"line":32,"column":43}},"loc":{"start":{"line":32,"column":51},"end":{"line":35,"column":5}}},"4":{"name":"(anonymous_4)","decl":{"start":{"line":36,"column":41},"end":{"line":36,"column":42}},"loc":{"start":{"line":36,"column":50},"end":{"line":39,"column":5}}},"5":{"name":"(anonymous_5)","decl":{"start":{"line":45,"column":33},"end":{"line":45,"column":34}},"loc":{"start":{"line":45,"column":51},"end":{"line":45,"column":70}}},"6":{"name":"(anonymous_6)","decl":{"start":{"line":46,"column":40},"end":{"line":46,"column":41}},"loc":{"start":{"line":46,"column":58},"end":{"line":46,"column":79}}},"7":{"name":"(anonymous_7)","decl":{"start":{"line":47,"column":38},"end":{"line":47,"column":39}},"loc":{"start":{"line":47,"column":56},"end":{"line":47,"column":75}}}},"branchMap":{"0":{"loc":{"start":{"line":38,"column":16},"end":{"line":38,"column":76}},"type":"binary-expr","locations":[{"start":{"line":38,"column":17},"end":{"line":38,"column":44}},{"start":{"line":38,"column":48},"end":{"line":38,"column":76}}]},"1":{"loc":{"start":{"line":38,"column":17},"end":{"line":38,"column":44}},"type":"cond-expr","locations":[{"start":{"line":38,"column":24},"end":{"line":38,"column":26}},{"start":{"line":38,"column":24},"end":{"line":38,"column":44}}]},"2":{"loc":{"start":{"line":38,"column":17},"end":{"line":38,"column":26}},"type":"binary-expr","locations":[{"start":{"line":38,"column":17},"end":{"line":38,"column":26}},{"start":{"line":38,"column":24},"end":{"line":38,"column":26}}]}},"s":{"0":1,"1":1,"2":1,"3":1,"4":0,"5":1,"6":1,"7":3,"8":3,"9":1,"10":1,"11":1,"12":1,"13":1,"14":1,"15":1,"16":1,"17":0,"18":1,"19":1,"20":0,"21":1,"22":1,"23":0,"24":1},"f":{"0":0,"1":1,"2":3,"3":1,"4":1,"5":0,"6":0,"7":0},"b":{"0":[1,0],"1":[0,1],"2":[1,1]}}
,"C:\\Users\\Lenovo\\Dev\\stellar-burgers\\src\\utils\\burger-api.ts": {"path":"C:\\Users\\Lenovo\\Dev\\stellar-burgers\\src\\utils\\burger-api.ts","statementMap":{"0":{"start":{"line":1,"column":0},"end":{"line":1,"column":48}},"1":{"start":{"line":4,"column":13},"end":{"line":4,"column":93}},"2":{"start":{"line":12,"column":22},"end":{"line":15,"column":89}},"3":{"start":{"line":13,"column":2},"end":{"line":15,"column":89}},"4":{"start":{"line":15,"column":42},"end":{"line":15,"column":88}},"5":{"start":{"line":35,"column":28},"end":{"line":40,"column":56}},"6":{"start":{"line":36,"column":2},"end":{"line":40,"column":56}},"7":{"start":{"line":40,"column":19},"end":{"line":40,"column":55}},"8":{"start":{"line":35,"column":13},"end":{"line":35,"column":28}},"9":{"start":{"line":42,"column":32},"end":{"line":96,"column":1}},"10":{"start":{"line":43,"column":22},"end":{"line":43,"column":46}},"11":{"start":{"line":44,"column":23},"end":{"line":44,"column":71}},"12":{"start":{"line":46,"column":24},"end":{"line":46,"column":97}},"13":{"start":{"line":46,"column":61},"end":{"line":46,"column":96}},"14":{"start":{"line":48,"column":42},"end":{"line":51,"column":4}},"15":{"start":{"line":52,"column":2},"end":{"line":56,"column":3}},"16":{"start":{"line":53,"column":4},"end":{"line":55,"column":32}},"17":{"start":{"line":58,"column":14},"end":{"line":58,"column":79}},"18":{"start":{"line":60,"column":2},"end":{"line":95,"column":3}},"19":{"start":{"line":61,"column":4},"end":{"line":61,"column":39}},"20":{"start":{"line":63,"column":21},"end":{"line":63,"column":37}},"21":{"start":{"line":64,"column":20},"end":{"line":64,"column":66}},"22":{"start":{"line":65,"column":19},"end":{"line":65,"column":35}},"23":{"start":{"line":67,"column":4},"end":{"line":92,"column":5}},"24":{"start":{"line":73,"column":17},"end":{"line":73,"column":37}},"25":{"start":{"line":75,"column":24},"end":{"line":77,"column":24}},"26":{"start":{"line":79,"column":6},"end":{"line":79,"column":42}},"27":{"start":{"line":80,"column":6},"end":{"line":80,"column":60}},"28":{"start":{"line":82,"column":51},"end":{"line":85,"column":8}},"29":{"start":{"line":86,"column":6},"end":{"line":88,"column":7}},"30":{"start":{"line":87,"column":8},"end":{"line":87,"column":59}},"31":{"start":{"line":90,"column":20},"end":{"line":90,"column":90}},"32":{"start":{"line":91,"column":6},"end":{"line":91,"column":37}},"33":{"start":{"line":94,"column":4},"end":{"line":94,"column":14}},"34":{"start":{"line":42,"column":13},"end":{"line":42,"column":32}},"35":{"start":{"line":98,"column":33},"end":{"line":100,"column":null}},"36":{"start":{"line":99,"column":2},"end":{"line":100,"column":null}},"37":{"start":{"line":100,"column":4},"end":{"line":100,"column":64}},"38":{"start":{"line":100,"column":57},"end":{"line":100,"column":63}},"39":{"start":{"line":98,"column":13},"end":{"line":98,"column":33}},"40":{"start":{"line":103,"column":31},"end":{"line":117,"column":6}},"41":{"start":{"line":104,"column":2},"end":{"line":117,"column":6}},"42":{"start":{"line":109,"column":19},"end":{"line":109,"column":52}},"43":{"start":{"line":111,"column":18},"end":{"line":113,"column":23}},"44":{"start":{"line":114,"column":6},"end":{"line":114,"column":36}},"45":{"start":{"line":115,"column":6},"end":{"line":115,"column":59}},"46":{"start":{"line":116,"column":6},"end":{"line":116,"column":20}},"47":{"start":{"line":103,"column":13},"end":{"line":103,"column":31}},"48":{"start":{"line":119,"column":28},"end":{"line":133,"column":6}},"49":{"start":{"line":120,"column":2},"end":{"line":133,"column":6}},"50":{"start":{"line":125,"column":19},"end":{"line":125,"column":52}},"51":{"start":{"line":127,"column":18},"end":{"line":129,"column":23}},"52":{"start":{"line":130,"column":6},"end":{"line":130,"column":36}},"53":{"start":{"line":131,"column":6},"end":{"line":131,"column":59}},"54":{"start":{"line":132,"column":6},"end":{"line":132,"column":20}},"55":{"start":{"line":119,"column":13},"end":{"line":119,"column":28}},"56":{"start":{"line":135,"column":25},"end":{"line":145,"column":6}},"57":{"start":{"line":136,"column":2},"end":{"line":145,"column":6}},"58":{"start":{"line":141,"column":19},"end":{"line":141,"column":55}},"59":{"start":{"line":143,"column":6},"end":{"line":143,"column":52}},"60":{"start":{"line":144,"column":6},"end":{"line":144,"column":46}},"61":{"start":{"line":135,"column":13},"end":{"line":135,"column":25}},"62":{"start":{"line":147,"column":26},"end":{"line":148,"column":73}},"63":{"start":{"line":148,"column":2},"end":{"line":148,"column":73}},"64":{"start":{"line":148,"column":66},"end":{"line":148,"column":72}},"65":{"start":{"line":147,"column":13},"end":{"line":147,"column":26}},"66":{"start":{"line":150,"column":29},"end":{"line":154,"column":24}},"67":{"start":{"line":151,"column":2},"end":{"line":154,"column":24}},"68":{"start":{"line":154,"column":17},"end":{"line":154,"column":23}},"69":{"start":{"line":150,"column":13},"end":{"line":150,"column":29}},"70":{"start":{"line":156,"column":33},"end":{"line":161,"column":56}},"71":{"start":{"line":157,"column":2},"end":{"line":161,"column":56}},"72":{"start":{"line":161,"column":19},"end":{"line":161,"column":55}},"73":{"start":{"line":156,"column":13},"end":{"line":156,"column":33}},"74":{"start":{"line":163,"column":32},"end":{"line":168,"column":56}},"75":{"start":{"line":164,"column":2},"end":{"line":168,"column":56}},"76":{"start":{"line":168,"column":19},"end":{"line":168,"column":55}},"77":{"start":{"line":163,"column":13},"end":{"line":163,"column":32}},"78":{"start":{"line":170,"column":28},"end":{"line":174,"column":4}},"79":{"start":{"line":171,"column":2},"end":{"line":174,"column":4}},"80":{"start":{"line":170,"column":13},"end":{"line":170,"column":28}},"81":{"start":{"line":176,"column":13},"end":{"line":176,"column":43}},"82":{"start":{"line":178,"column":28},"end":{"line":184,"column":4}},"83":{"start":{"line":179,"column":2},"end":{"line":184,"column":4}},"84":{"start":{"line":182,"column":4},"end":{"line":182,"column":42}},"85":{"start":{"line":182,"column":23},"end":{"line":182,"column":42}},"86":{"start":{"line":183,"column":4},"end":{"line":183,"column":32}},"87":{"start":{"line":178,"column":13},"end":{"line":178,"column":28}},"88":{"start":{"line":186,"column":27},"end":{"line":189,"column":66}},"89":{"start":{"line":187,"column":2},"end":{"line":189,"column":66}},"90":{"start":{"line":188,"column":19},"end":{"line":188,"column":53}},"91":{"start":{"line":189,"column":21},"end":{"line":189,"column":64}},"92":{"start":{"line":186,"column":13},"end":{"line":186,"column":27}}},"fnMap":{"0":{"name":"(anonymous_0)","decl":{"start":{"line":12,"column":22},"end":{"line":12,"column":26}},"loc":{"start":{"line":13,"column":2},"end":{"line":15,"column":89}}},"1":{"name":"(anonymous_1)","decl":{"start":{"line":15,"column":22},"end":{"line":15,"column":23}},"loc":{"start":{"line":15,"column":42},"end":{"line":15,"column":88}}},"2":{"name":"(anonymous_2)","decl":{"start":{"line":35,"column":28},"end":{"line":35,"column":58}},"loc":{"start":{"line":36,"column":2},"end":{"line":40,"column":56}}},"3":{"name":"(anonymous_3)","decl":{"start":{"line":40,"column":10},"end":{"line":40,"column":11}},"loc":{"start":{"line":40,"column":19},"end":{"line":40,"column":55}}},"4":{"name":"(anonymous_4)","decl":{"start":{"line":42,"column":32},"end":{"line":42,"column":37}},"loc":{"start":{"line":42,"column":96},"end":{"line":96,"column":1}}},"5":{"name":"(anonymous_5)","decl":{"start":{"line":46,"column":54},"end":{"line":46,"column":55}},"loc":{"start":{"line":46,"column":61},"end":{"line":46,"column":96}}},"6":{"name":"(anonymous_6)","decl":{"start":{"line":98,"column":33},"end":{"line":98,"column":60}},"loc":{"start":{"line":99,"column":2},"end":{"line":100,"column":null}}},"7":{"name":"(anonymous_7)","decl":{"start":{"line":99,"column":35},"end":{"line":99,"column":36}},"loc":{"start":{"line":100,"column":4},"end":{"line":100,"column":64}}},"8":{"name":"(anonymous_8)","decl":{"start":{"line":100,"column":50},"end":{"line":100,"column":51}},"loc":{"start":{"line":100,"column":57},"end":{"line":100,"column":63}}},"9":{"name":"(anonymous_9)","decl":{"start":{"line":103,"column":31},"end":{"line":103,"column":32}},"loc":{"start":{"line":104,"column":2},"end":{"line":117,"column":6}}},"10":{"name":"(anonymous_10)","decl":{"start":{"line":109,"column":10},"end":{"line":109,"column":11}},"loc":{"start":{"line":109,"column":19},"end":{"line":109,"column":52}}},"11":{"name":"(anonymous_11)","decl":{"start":{"line":110,"column":10},"end":{"line":110,"column":11}},"loc":{"start":{"line":110,"column":16},"end":{"line":117,"column":5}}},"12":{"name":"(anonymous_12)","decl":{"start":{"line":119,"column":28},"end":{"line":119,"column":29}},"loc":{"start":{"line":120,"column":2},"end":{"line":133,"column":6}}},"13":{"name":"(anonymous_13)","decl":{"start":{"line":125,"column":10},"end":{"line":125,"column":11}},"loc":{"start":{"line":125,"column":19},"end":{"line":125,"column":52}}},"14":{"name":"(anonymous_14)","decl":{"start":{"line":126,"column":10},"end":{"line":126,"column":11}},"loc":{"start":{"line":126,"column":16},"end":{"line":133,"column":5}}},"15":{"name":"(anonymous_15)","decl":{"start":{"line":135,"column":25},"end":{"line":135,"column":28}},"loc":{"start":{"line":136,"column":2},"end":{"line":145,"column":6}}},"16":{"name":"(anonymous_16)","decl":{"start":{"line":141,"column":10},"end":{"line":141,"column":11}},"loc":{"start":{"line":141,"column":19},"end":{"line":141,"column":55}}},"17":{"name":"(anonymous_17)","decl":{"start":{"line":142,"column":13},"end":{"line":142,"column":16}},"loc":{"start":{"line":142,"column":18},"end":{"line":145,"column":5}}},"18":{"name":"(anonymous_18)","decl":{"start":{"line":147,"column":26},"end":{"line":147,"column":29}},"loc":{"start":{"line":148,"column":2},"end":{"line":148,"column":73}}},"19":{"name":"(anonymous_19)","decl":{"start":{"line":148,"column":59},"end":{"line":148,"column":60}},"loc":{"start":{"line":148,"column":66},"end":{"line":148,"column":72}}},"20":{"name":"(anonymous_20)","decl":{"start":{"line":150,"column":29},"end":{"line":150,"column":30}},"loc":{"start":{"line":151,"column":2},"end":{"line":154,"column":24}}},"21":{"name":"(anonymous_21)","decl":{"start":{"line":154,"column":10},"end":{"line":154,"column":11}},"loc":{"start":{"line":154,"column":17},"end":{"line":154,"column":23}}},"22":{"name":"(anonymous_22)","decl":{"start":{"line":156,"column":33},"end":{"line":156,"column":34}},"loc":{"start":{"line":157,"column":2},"end":{"line":161,"column":56}}},"23":{"name":"(anonymous_23)","decl":{"start":{"line":161,"column":10},"end":{"line":161,"column":11}},"loc":{"start":{"line":161,"column":19},"end":{"line":161,"column":55}}},"24":{"name":"(anonymous_24)","decl":{"start":{"line":163,"column":32},"end":{"line":163,"column":33}},"loc":{"start":{"line":164,"column":2},"end":{"line":168,"column":56}}},"25":{"name":"(anonymous_25)","decl":{"start":{"line":168,"column":10},"end":{"line":168,"column":11}},"loc":{"start":{"line":168,"column":19},"end":{"line":168,"column":55}}},"26":{"name":"(anonymous_26)","decl":{"start":{"line":170,"column":28},"end":{"line":170,"column":29}},"loc":{"start":{"line":171,"column":2},"end":{"line":174,"column":4}}},"27":{"name":"(anonymous_27)","decl":{"start":{"line":178,"column":28},"end":{"line":178,"column":50}},"loc":{"start":{"line":179,"column":2},"end":{"line":184,"column":4}}},"28":{"name":"(anonymous_28)","decl":{"start":{"line":181,"column":10},"end":{"line":181,"column":11}},"loc":{"start":{"line":181,"column":19},"end":{"line":184,"column":3}}},"29":{"name":"(anonymous_29)","decl":{"start":{"line":186,"column":27},"end":{"line":186,"column":55}},"loc":{"start":{"line":187,"column":2},"end":{"line":189,"column":66}}},"30":{"name":"(anonymous_30)","decl":{"start":{"line":188,"column":10},"end":{"line":188,"column":11}},"loc":{"start":{"line":188,"column":19},"end":{"line":188,"column":53}}},"31":{"name":"(anonymous_31)","decl":{"start":{"line":189,"column":10},"end":{"line":189,"column":11}},"loc":{"start":{"line":189,"column":21},"end":{"line":189,"column":64}}}},"branchMap":{"0":{"loc":{"start":{"line":4,"column":13},"end":{"line":4,"column":93}},"type":"binary-expr","locations":[{"start":{"line":4,"column":13},"end":{"line":4,"column":50}},{"start":{"line":4,"column":54},"end":{"line":4,"column":93}}]},"1":{"loc":{"start":{"line":13,"column":2},"end":{"line":15,"column":89}},"type":"cond-expr","locations":[{"start":{"line":14,"column":6},"end":{"line":14,"column":16}},{"start":{"line":15,"column":6},"end":{"line":15,"column":89}}]},"2":{"loc":{"start":{"line":42,"column":55},"end":{"line":42,"column":80}},"type":"default-arg","locations":[{"start":{"line":42,"column":78},"end":{"line":42,"column":80}}]},"3":{"loc":{"start":{"line":44,"column":23},"end":{"line":44,"column":71}},"type":"binary-expr","locations":[{"start":{"line":44,"column":23},"end":{"line":44,"column":65}},{"start":{"line":44,"column":69},"end":{"line":44,"column":71}}]},"4":{"loc":{"start":{"line":52,"column":2},"end":{"line":56,"column":3}},"type":"if","locations":[{"start":{"line":52,"column":2},"end":{"line":56,"column":3}}]},"5":{"loc":{"start":{"line":52,"column":6},"end":{"line":52,"column":35}},"type":"binary-expr","locations":[{"start":{"line":52,"column":6},"end":{"line":52,"column":20}},{"start":{"line":52,"column":24},"end":{"line":52,"column":35}}]},"6":{"loc":{"start":{"line":53,"column":28},"end":{"line":55,"column":31}},"type":"cond-expr","locations":[{"start":{"line":54,"column":8},"end":{"line":54,"column":19}},{"start":{"line":55,"column":8},"end":{"line":55,"column":31}}]},"7":{"loc":{"start":{"line":64,"column":20},"end":{"line":64,"column":66}},"type":"binary-expr","locations":[{"start":{"line":64,"column":20},"end":{"line":64,"column":37}},{"start":{"line":64,"column":41},"end":{"line":64,"column":65}}]},"8":{"loc":{"start":{"line":64,"column":20},"end":{"line":64,"column":37}},"type":"cond-expr","locations":[{"start":{"line":64,"column":28},"end":{"line":64,"column":30}},{"start":{"line":64,"column":20},"end":{"line":64,"column":37}}]},"9":{"loc":{"start":{"line":64,"column":20},"end":{"line":64,"column":30}},"type":"binary-expr","locations":[{"start":{"line":64,"column":20},"end":{"line":64,"column":30}},{"start":{"line":64,"column":20},"end":{"line":64,"column":30}}]},"10":{"loc":{"start":{"line":64,"column":41},"end":{"line":64,"column":65}},"type":"cond-expr","locations":[{"start":{"line":64,"column":56},"end":{"line":64,"column":58}},{"start":{"line":64,"column":56},"end":{"line":64,"column":65}}]},"11":{"loc":{"start":{"line":64,"column":41},"end":{"line":64,"column":58}},"type":"binary-expr","locations":[{"start":{"line":64,"column":41},"end":{"line":64,"column":58}},{"start":{"line":64,"column":56},"end":{"line":64,"column":58}}]},"12":{"loc":{"start":{"line":64,"column":41},"end":{"line":64,"column":56}},"type":"cond-expr","locations":[{"start":{"line":64,"column":49},"end":{"line":64,"column":51}},{"start":{"line":64,"column":41},"end":{"line":64,"column":56}}]},"13":{"loc":{"start":{"line":64,"column":41},"end":{"line":64,"column":51}},"type":"binary-expr","locations":[{"start":{"line":64,"column":41},"end":{"line":64,"column":51}},{"start":{"line":64,"column":41},"end":{"line":64,"column":51}}]},"14":{"loc":{"start":{"line":65,"column":19},"end":{"line":65,"column":35}},"type":"cond-expr","locations":[{"start":{"line":65,"column":27},"end":{"line":65,"column":29}},{"start":{"line":65,"column":19},"end":{"line":65,"column":35}}]},"15":{"loc":{"start":{"line":65,"column":19},"end":{"line":65,"column":29}},"type":"binary-expr","locations":[{"start":{"line":65,"column":19},"end":{"line":65,"column":29}},{"start":{"line":65,"column":19},"end":{"line":65,"column":29}}]},"16":{"loc":{"start":{"line":67,"column":4},"end":{"line":92,"column":5}},"type":"if","locations":[{"start":{"line":67,"column":4},"end":{"line":92,"column":5}}]},"17":{"loc":{"start":{"line":68,"column":6},"end":{"line":71,"column":20}},"type":"binary-expr","locations":[{"start":{"line":68,"column":6},"end":{"line":68,"column":31}},{"start":{"line":69,"column":6},"end":{"line":69,"column":36}},{"start":{"line":70,"column":6},"end":{"line":70,"column":20}},{"start":{"line":71,"column":6},"end":{"line":71,"column":20}}]},"18":{"loc":{"start":{"line":75,"column":24},"end":{"line":77,"column":24}},"type":"cond-expr","locations":[{"start":{"line":76,"column":10},"end":{"line":76,"column":48}},{"start":{"line":77,"column":10},"end":{"line":77,"column":24}}]},"19":{"loc":{"start":{"line":86,"column":6},"end":{"line":88,"column":7}},"type":"if","locations":[{"start":{"line":86,"column":6},"end":{"line":88,"column":7}}]},"20":{"loc":{"start":{"line":86,"column":10},"end":{"line":86,"column":37}},"type":"binary-expr","locations":[{"start":{"line":86,"column":10},"end":{"line":86,"column":24}},{"start":{"line":86,"column":28},"end":{"line":86,"column":37}}]},"21":{"loc":{"start":{"line":111,"column":18},"end":{"line":113,"column":23}},"type":"cond-expr","locations":[{"start":{"line":112,"column":10},"end":{"line":112,"column":47}},{"start":{"line":113,"column":10},"end":{"line":113,"column":23}}]},"22":{"loc":{"start":{"line":127,"column":18},"end":{"line":129,"column":23}},"type":"cond-expr","locations":[{"start":{"line":128,"column":10},"end":{"line":128,"column":47}},{"start":{"line":129,"column":10},"end":{"line":129,"column":23}}]},"23":{"loc":{"start":{"line":182,"column":4},"end":{"line":182,"column":42}},"type":"if","locations":[{"start":{"line":182,"column":4},"end":{"line":182,"column":42}}]},"24":{"loc":{"start":{"line":182,"column":8},"end":{"line":182,"column":21}},"type":"cond-expr","locations":[{"start":{"line":182,"column":12},"end":{"line":182,"column":14}},{"start":{"line":182,"column":8},"end":{"line":182,"column":21}}]},"25":{"loc":{"start":{"line":182,"column":8},"end":{"line":182,"column":14}},"type":"binary-expr","locations":[{"start":{"line":182,"column":8},"end":{"line":182,"column":14}},{"start":{"line":182,"column":8},"end":{"line":182,"column":14}}]},"26":{"loc":{"start":{"line":189,"column":21},"end":{"line":189,"column":64}},"type":"cond-expr","locations":[{"start":{"line":189,"column":37},"end":{"line":189,"column":41}},{"start":{"line":189,"column":44},"end":{"line":189,"column":64}}]},"27":{"loc":{"start":{"line":189,"column":21},"end":{"line":189,"column":34}},"type":"cond-expr","locations":[{"start":{"line":189,"column":25},"end":{"line":189,"column":27}},{"start":{"line":189,"column":21},"end":{"line":189,"column":34}}]},"28":{"loc":{"start":{"line":189,"column":21},"end":{"line":189,"column":27}},"type":"binary-expr","locations":[{"start":{"line":189,"column":21},"end":{"line":189,"column":27}},{"start":{"line":189,"column":21},"end":{"line":189,"column":27}}]}},"s":{"0":1,"1":1,"2":1,"3":0,"4":0,"5":1,"6":0,"7":0,"8":1,"9":1,"10":0,"11":0,"12":0,"13":0,"14":0,"15":0,"16":0,"17":0,"18":0,"19":0,"20":0,"21":0,"22":0,"23":0,"24":0,"25":0,"26":0,"27":0,"28":0,"29":0,"30":0,"31":0,"32":0,"33":0,"34":1,"35":1,"36":0,"37":0,"38":0,"39":1,"40":1,"41":0,"42":0,"43":0,"44":0,"45":0,"46":0,"47":1,"48":1,"49":0,"50":0,"51":0,"52":0,"53":0,"54":0,"55":1,"56":1,"57":0,"58":0,"59":0,"60":0,"61":1,"62":1,"63":0,"64":0,"65":1,"66":1,"67":0,"68":0,"69":1,"70":1,"71":0,"72":0,"73":1,"74":1,"75":0,"76":0,"77":1,"78":1,"79":0,"80":1,"81":1,"82":1,"83":0,"84":0,"85":0,"86":0,"87":1,"88":1,"89":0,"90":0,"91":0,"92":1},"f":{"0":0,"1":0,"2":0,"3":0,"4":0,"5":0,"6":0,"7":0,"8":0,"9":0,"10":0,"11":0,"12":0,"13":0,"14":0,"15":0,"16":0,"17":0,"18":0,"19":0,"20":0,"21":0,"22":0,"23":0,"24":0,"25":0,"26":0,"27":0,"28":0,"29":0,"30":0,"31":0},"b":{"0":[1,1],"1":[0,0],"2":[0],"3":[0,0],"4":[0],"5":[0,0],"6":[0,0],"7":[0,0],"8":[0,0],"9":[0,0],"10":[0,0],"11":[0,0],"12":[0,0],"13":[0,0],"14":[0,0],"15":[0,0],"16":[0],"17":[0,0,0,0],"18":[0,0],"19":[0],"20":[0,0],"21":[0,0],"22":[0,0],"23":[0],"24":[0,0],"25":[0,0],"26":[0,0],"27":[0,0],"28":[0,0]}}
,"C:\\Users\\Lenovo\\Dev\\stellar-burgers\\src\\utils\\cookie.ts": {"path":"C:\\Users\\Lenovo\\Dev\\stellar-burgers\\src\\utils\\cookie.ts","statementMap":{"0":{"start":{"line":2,"column":18},"end":{"line":3,"column":null}},"1":{"start":{"line":5,"column":2},"end":{"line":5,"column":62}},"2":{"start":{"line":1,"column":0},"end":{"line":1,"column":16}},"3":{"start":{"line":13,"column":2},"end":{"line":16,"column":4}},"4":{"start":{"line":18,"column":12},"end":{"line":18,"column":25}},"5":{"start":{"line":19,"column":2},"end":{"line":23,"column":3}},"6":{"start":{"line":20,"column":14},"end":{"line":20,"column":24}},"7":{"start":{"line":21,"column":4},"end":{"line":21,"column":40}},"8":{"start":{"line":22,"column":4},"end":{"line":22,"column":28}},"9":{"start":{"line":25,"column":2},"end":{"line":27,"column":3}},"10":{"start":{"line":26,"column":4},"end":{"line":26,"column":38}},"11":{"start":{"line":28,"column":2},"end":{"line":28,"column":36}},"12":{"start":{"line":29,"column":22},"end":{"line":29,"column":40}},"13":{"start":{"line":30,"column":2},"end":{"line":36,"column":3}},"14":{"start":{"line":31,"column":4},"end":{"line":31,"column":37}},"15":{"start":{"line":32,"column":22},"end":{"line":32,"column":37}},"16":{"start":{"line":33,"column":4},"end":{"line":35,"column":5}},"17":{"start":{"line":34,"column":6},"end":{"line":34,"column":39}},"18":{"start":{"line":37,"column":2},"end":{"line":37,"column":34}},"19":{"start":{"line":8,"column":0},"end":{"line":8,"column":16}},"20":{"start":{"line":41,"column":2},"end":{"line":41,"column":39}},"21":{"start":{"line":40,"column":0},"end":{"line":40,"column":16}}},"fnMap":{"0":{"name":"getCookie","decl":{"start":{"line":1,"column":16},"end":{"line":1,"column":25}},"loc":{"start":{"line":1,"column":38},"end":{"line":6,"column":1}}},"1":{"name":"setCookie","decl":{"start":{"line":8,"column":16},"end":{"line":8,"column":25}},"loc":{"start":{"line":11,"column":65},"end":{"line":38,"column":1}}},"2":{"name":"deleteCookie","decl":{"start":{"line":40,"column":16},"end":{"line":40,"column":28}},"loc":{"start":{"line":40,"column":41},"end":{"line":42,"column":1}}}},"branchMap":{"0":{"loc":{"start":{"line":5,"column":9},"end":{"line":5,"column":61}},"type":"cond-expr","locations":[{"start":{"line":5,"column":19},"end":{"line":5,"column":49}},{"start":{"line":5,"column":52},"end":{"line":5,"column":61}}]},"1":{"loc":{"start":{"line":11,"column":2},"end":{"line":11,"column":65}},"type":"default-arg","locations":[{"start":{"line":11,"column":63},"end":{"line":11,"column":65}}]},"2":{"loc":{"start":{"line":19,"column":2},"end":{"line":23,"column":3}},"type":"if","locations":[{"start":{"line":19,"column":2},"end":{"line":23,"column":3}}]},"3":{"loc":{"start":{"line":19,"column":6},"end":{"line":19,"column":36}},"type":"binary-expr","locations":[{"start":{"line":19,"column":6},"end":{"line":19,"column":9}},{"start":{"line":19,"column":13},"end":{"line":19,"column":36}}]},"4":{"loc":{"start":{"line":25,"column":2},"end":{"line":27,"column":3}},"type":"if","locations":[{"start":{"line":25,"column":2},"end":{"line":27,"column":3}}]},"5":{"loc":{"start":{"line":25,"column":6},"end":{"line":25,"column":32}},"type":"binary-expr","locations":[{"start":{"line":25,"column":6},"end":{"line":25,"column":9}},{"start":{"line":25,"column":13},"end":{"line":25,"column":32}}]},"6":{"loc":{"start":{"line":33,"column":4},"end":{"line":35,"column":5}},"type":"if","locations":[{"start":{"line":33,"column":4},"end":{"line":35,"column":5}}]}},"s":{"0":0,"1":0,"2":1,"3":0,"4":0,"5":0,"6":0,"7":0,"8":0,"9":0,"10":0,"11":0,"12":0,"13":0,"14":0,"15":0,"16":0,"17":0,"18":0,"19":1,"20":0,"21":1},"f":{"0":0,"1":0,"2":0},"b":{"0":[0,0],"1":[0],"2":[0],"3":[0,0],"4":[0],"5":[0,0],"6":[0]}}
}
