TN:
SF:src\services\constructor\constructor.slice.ts
FN:27,(anonymous_0)
FN:30,(anonymous_1)
FN:35,(anonymous_2)
FN:39,(anonymous_3)
FN:40,(anonymous_4)
FN:43,(anonymous_5)
FN:48,(anonymous_6)
FN:53,(anonymous_7)
FN:58,(anonymous_8)
FN:78,(anonymous_9)
FN:82,(anonymous_10)
FN:87,(anonymous_11)
FN:92,(anonymous_12)
FN:94,(anonymous_13)
FN:101,(anonymous_14)
FNF:15
FNH:5
FNDA:4,(anonymous_0)
FNDA:4,(anonymous_1)
FNDA:1,(anonymous_2)
FNDA:1,(anonymous_3)
FNDA:2,(anonymous_4)
FNDA:0,(anonymous_5)
FNDA:0,(anonymous_6)
FNDA:0,(anonymous_7)
FNDA:0,(anonymous_8)
FNDA:0,(anonymous_9)
FNDA:0,(anonymous_10)
FNDA:0,(anonymous_11)
FNDA:0,(anonymous_12)
FNDA:0,(anonymous_13)
FNDA:0,(anonymous_14)
DA:1,1
DA:15,1
DA:22,1
DA:28,4
DA:31,4
DA:36,1
DA:40,2
DA:44,0
DA:45,0
DA:49,0
DA:50,0
DA:54,0
DA:55,0
DA:59,0
DA:60,0
DA:65,1
DA:75,1
DA:76,1
DA:78,1
DA:80,1
DA:82,0
DA:85,1
DA:87,0
DA:90,1
DA:93,0
DA:94,0
DA:95,0
DA:99,1
DA:102,0
DA:104,0
DA:105,0
DA:108,0
DA:109,0
DA:110,0
DA:114,0
LF:35
LH:15
BRDA:82,0,0,0
BRDA:82,0,1,0
BRDA:82,1,0,0
BRDA:82,1,1,0
BRDA:82,2,0,0
BRDA:82,2,1,0
BRDA:82,3,0,0
BRDA:82,3,1,0
BRDA:87,4,0,0
BRDA:87,4,1,0
BRDA:87,5,0,0
BRDA:87,5,1,0
BRDA:87,6,0,0
BRDA:87,6,1,0
BRDA:87,7,0,0
BRDA:87,7,1,0
BRDA:93,8,0,0
BRDA:93,8,1,0
BRDA:104,9,0,0
BRDA:104,10,0,0
BRDA:104,10,1,0
BRDA:109,11,0,0
BRDA:110,12,0,0
BRDA:110,12,1,0
BRF:24
BRH:0
end_of_record
TN:
SF:src\services\ingredients\ingredients.slice.ts
FN:20,(anonymous_0)
FN:27,(anonymous_1)
FN:28,(anonymous_2)
FN:32,(anonymous_3)
FN:36,(anonymous_4)
FN:45,(anonymous_5)
FN:46,(anonymous_6)
FN:47,(anonymous_7)
FNF:8
FNH:4
FNDA:0,(anonymous_0)
FNDA:1,(anonymous_1)
FNDA:3,(anonymous_2)
FNDA:1,(anonymous_3)
FNDA:1,(anonymous_4)
FNDA:0,(anonymous_5)
FNDA:0,(anonymous_6)
FNDA:0,(anonymous_7)
DA:1,1
DA:4,1
DA:12,1
DA:18,1
DA:20,0
DA:23,1
DA:28,1
DA:29,3
DA:30,3
DA:32,1
DA:33,1
DA:34,1
DA:36,1
DA:37,1
DA:38,1
DA:43,1
DA:45,1
DA:46,1
DA:47,1
LF:19
LH:18
BRDA:38,0,0,1
BRDA:38,0,1,0
BRDA:38,1,0,0
BRDA:38,1,1,1
BRDA:38,2,0,1
BRDA:38,2,1,1
BRF:6
BRH:4
end_of_record
TN:
SF:src\utils\burger-api.ts
FN:12,(anonymous_0)
FN:15,(anonymous_1)
FN:35,(anonymous_2)
FN:40,(anonymous_3)
FN:42,(anonymous_4)
FN:46,(anonymous_5)
FN:98,(anonymous_6)
FN:99,(anonymous_7)
FN:100,(anonymous_8)
FN:103,(anonymous_9)
FN:109,(anonymous_10)
FN:110,(anonymous_11)
FN:119,(anonymous_12)
FN:125,(anonymous_13)
FN:126,(anonymous_14)
FN:135,(anonymous_15)
FN:141,(anonymous_16)
FN:142,(anonymous_17)
FN:147,(anonymous_18)
FN:148,(anonymous_19)
FN:150,(anonymous_20)
FN:154,(anonymous_21)
FN:156,(anonymous_22)
FN:161,(anonymous_23)
FN:163,(anonymous_24)
FN:168,(anonymous_25)
FN:170,(anonymous_26)
FN:178,(anonymous_27)
FN:181,(anonymous_28)
FN:186,(anonymous_29)
FN:188,(anonymous_30)
FN:189,(anonymous_31)
FNF:32
FNH:0
FNDA:0,(anonymous_0)
FNDA:0,(anonymous_1)
FNDA:0,(anonymous_2)
FNDA:0,(anonymous_3)
FNDA:0,(anonymous_4)
FNDA:0,(anonymous_5)
FNDA:0,(anonymous_6)
FNDA:0,(anonymous_7)
FNDA:0,(anonymous_8)
FNDA:0,(anonymous_9)
FNDA:0,(anonymous_10)
FNDA:0,(anonymous_11)
FNDA:0,(anonymous_12)
FNDA:0,(anonymous_13)
FNDA:0,(anonymous_14)
FNDA:0,(anonymous_15)
FNDA:0,(anonymous_16)
FNDA:0,(anonymous_17)
FNDA:0,(anonymous_18)
FNDA:0,(anonymous_19)
FNDA:0,(anonymous_20)
FNDA:0,(anonymous_21)
FNDA:0,(anonymous_22)
FNDA:0,(anonymous_23)
FNDA:0,(anonymous_24)
FNDA:0,(anonymous_25)
FNDA:0,(anonymous_26)
FNDA:0,(anonymous_27)
FNDA:0,(anonymous_28)
FNDA:0,(anonymous_29)
FNDA:0,(anonymous_30)
FNDA:0,(anonymous_31)
DA:1,1
DA:4,1
DA:12,1
DA:13,0
DA:15,0
DA:35,1
DA:36,0
DA:40,0
DA:42,1
DA:43,0
DA:44,0
DA:46,0
DA:48,0
DA:52,0
DA:53,0
DA:58,0
DA:60,0
DA:61,0
DA:63,0
DA:64,0
DA:65,0
DA:67,0
DA:73,0
DA:75,0
DA:79,0
DA:80,0
DA:82,0
DA:86,0
DA:87,0
DA:90,0
DA:91,0
DA:94,0
DA:98,1
DA:99,0
DA:100,0
DA:103,1
DA:104,0
DA:109,0
DA:111,0
DA:114,0
DA:115,0
DA:116,0
DA:119,1
DA:120,0
DA:125,0
DA:127,0
DA:130,0
DA:131,0
DA:132,0
DA:135,1
DA:136,0
DA:141,0
DA:143,0
DA:144,0
DA:147,1
DA:148,0
DA:150,1
DA:151,0
DA:154,0
DA:156,1
DA:157,0
DA:161,0
DA:163,1
DA:164,0
DA:168,0
DA:170,1
DA:171,0
DA:176,1
DA:178,1
DA:179,0
DA:182,0
DA:183,0
DA:186,1
DA:187,0
DA:188,0
DA:189,0
LF:76
LH:17
BRDA:4,0,0,1
BRDA:4,0,1,1
BRDA:13,1,0,0
BRDA:13,1,1,0
BRDA:42,2,0,0
BRDA:44,3,0,0
BRDA:44,3,1,0
BRDA:52,4,0,0
BRDA:52,5,0,0
BRDA:52,5,1,0
BRDA:53,6,0,0
BRDA:53,6,1,0
BRDA:64,7,0,0
BRDA:64,7,1,0
BRDA:64,8,0,0
BRDA:64,8,1,0
BRDA:64,9,0,0
BRDA:64,9,1,0
BRDA:64,10,0,0
BRDA:64,10,1,0
BRDA:64,11,0,0
BRDA:64,11,1,0
BRDA:64,12,0,0
BRDA:64,12,1,0
BRDA:64,13,0,0
BRDA:64,13,1,0
BRDA:65,14,0,0
BRDA:65,14,1,0
BRDA:65,15,0,0
BRDA:65,15,1,0
BRDA:67,16,0,0
BRDA:68,17,0,0
BRDA:68,17,1,0
BRDA:68,17,2,0
BRDA:68,17,3,0
BRDA:75,18,0,0
BRDA:75,18,1,0
BRDA:86,19,0,0
BRDA:86,20,0,0
BRDA:86,20,1,0
BRDA:111,21,0,0
BRDA:111,21,1,0
BRDA:127,22,0,0
BRDA:127,22,1,0
BRDA:182,23,0,0
BRDA:182,24,0,0
BRDA:182,24,1,0
BRDA:182,25,0,0
BRDA:182,25,1,0
BRDA:189,26,0,0
BRDA:189,26,1,0
BRDA:189,27,0,0
BRDA:189,27,1,0
BRDA:189,28,0,0
BRDA:189,28,1,0
BRF:55
BRH:2
end_of_record
TN:
SF:src\utils\cookie.ts
FN:1,getCookie
FN:8,setCookie
FN:40,deleteCookie
FNF:3
FNH:0
FNDA:0,getCookie
FNDA:0,setCookie
FNDA:0,deleteCookie
DA:1,1
DA:2,0
DA:5,0
DA:8,1
DA:13,0
DA:18,0
DA:19,0
DA:20,0
DA:21,0
DA:22,0
DA:25,0
DA:26,0
DA:28,0
DA:29,0
DA:30,0
DA:31,0
DA:32,0
DA:33,0
DA:34,0
DA:37,0
DA:40,1
DA:41,0
LF:22
LH:3
BRDA:5,0,0,0
BRDA:5,0,1,0
BRDA:11,1,0,0
BRDA:19,2,0,0
BRDA:19,3,0,0
BRDA:19,3,1,0
BRDA:25,4,0,0
BRDA:25,5,0,0
BRDA:25,5,1,0
BRDA:33,6,0,0
BRF:10
BRH:0
end_of_record
